pyeq3.Models_2D.Polynomial.UserCustomizablePolynomial (2D)
Polyfunctional flags: []
Polyfunctional order: None
Rational numerator flags: []
Rational denominator flags: []
Coefficients: ['a', 'b', 'c']
Coefficient values: [-3.63308874  0.32554319  0.07819714]
Fitting target value SSQABS: 0.014598264987360443

X: 5.35700E+00
Y: 3.76000E-01
Model Prediction: 3.54905E-01
Abs. Error: -2.10953E-02
Rel. Error: -5.61046E-02
Percent Error: -5.61046E+00
X: 5.45700E+00
Y: 4.89000E-01
Model Prediction: 4.72021E-01
Abs. Error: -1.69786E-02
Rel. Error: -3.47211E-02
Percent Error: -3.47211E+00
X: 5.79700E+00
Y: 8.74000E-01
Model Prediction: 8.81917E-01
Abs. Error: 7.91651E-03
Rel. Error: 9.05779E-03
Percent Error: 9.05779E-01
X: 5.93600E+00
Y: 1.04900E+00
Model Prediction: 1.05470E+00
Abs. Error: 5.69772E-03
Rel. Error: 5.43157E-03
Percent Error: 5.43157E-01
X: 6.16100E+00
Y: 1.32700E+00
Model Prediction: 1.34078E+00
Abs. Error: 1.37839E-02
Rel. Error: 1.03872E-02
Percent Error: 1.03872E+00
X: 6.69700E+00
Y: 2.05400E+00
Model Prediction: 2.05420E+00
Abs. Error: 2.00992E-04
Rel. Error: 9.78542E-05
Percent Error: 9.78542E-03
X: 6.73100E+00
Y: 2.07700E+00
Model Prediction: 2.10097E+00
Abs. Error: 2.39705E-02
Rel. Error: 1.15409E-02
Percent Error: 1.15409E+00
X: 6.77500E+00
Y: 2.13800E+00
Model Prediction: 2.16176E+00
Abs. Error: 2.37642E-02
Rel. Error: 1.11151E-02
Percent Error: 1.11151E+00
X: 8.44200E+00
Y: 4.74400E+00
Model Prediction: 4.68805E+00
Abs. Error: -5.59488E-02
Rel. Error: -1.17936E-02
Percent Error: -1.17936E+00
X: 9.76900E+00
Y: 7.06800E+00
Model Prediction: 7.00976E+00
Abs. Error: -5.82410E-02
Rel. Error: -8.24010E-03
Percent Error: -8.24010E-01
X: 9.86100E+00
Y: 7.10400E+00
Model Prediction: 7.18093E+00
Abs. Error: 7.69299E-02
Rel. Error: 1.08291E-02
Percent Error: 1.08291E+00

Degrees of freedom error: 8
Degrees of freedom regression: 2
Root Mean Squared Error (RMSE): 3.64296E-02
R-squared: 9.99765E-01
R-squared adjusted: 9.99706E-01
Model F-statistic: 1.69827E+04
Model F-statistic p-value: 3.07472E-15
Model log-likelihood: 2.08278E+01
Model AIC: -3.24142E+00
Model BIC: -3.13290E+00

Individual Parameter Statistics:
Coefficient a = -3.63309E+00, std error: 1.71307E-01
          t-stat: -8.77786E+00, p-stat: 2.22605E-05, 95 percent confidence intervals: [-4.58753E+00, -2.67865E+00]
Coefficient b = 3.25543E-01, std error: 1.26460E-02
          t-stat: 2.89489E+00, p-stat: 2.00482E-02, 95 percent confidence intervals: [6.62229E-02, 5.84863E-01]
Coefficient c = 7.81971E-02, std error: 5.33270E-05
          t-stat: 1.07082E+01, p-stat: 5.08132E-06, 95 percent confidence intervals: [6.13575E-02, 9.50368E-02]

Coefficient Covariance Matrix:
[[ 93.87785 -25.43708   1.63915]
 [-25.43708   6.93013  -0.4488 ]
 [  1.63915  -0.4488    0.02922]]

Java Source Code:
// If there are any errors or problems with this
// code output please raise an issue on GitHub:
// github.com/equations-project/pyeq3

import java.lang.Math;

// Fitting target: lowest sum of squared absolute error
// Fitting target value = 0.014598264987360443

class Polynomial_UserCustomizablePolynomial
{
	double Polynomial_UserCustomizablePolynomial_model(double x_in)
	{
		double temp;
		temp = 0.0;

		// coefficients
		double a = -3.6330887435333636E+00;
		double b = 3.2554318889398082E-01;
		double c = 7.8197144606992480E-02;

		temp += a * Math.pow(x_in, 0);
		temp += b * Math.pow(x_in, 1);
		temp += c * Math.pow(x_in, 2);
		return temp;
	}
}

