Degrees of freedom error: 8
Degrees of freedom regression: 2
Root Mean Squared Error (RMSE): 3.64E-02
R-squared: 1.00E+00
R-squared adjusted: 1.00E+00
Model F-statistic: 1.70E+04
Model F-statistic p-value: 3.07E-15
Model log-likelihood: 2.08E+01
Model AIC: -3.24E+00
Model BIC: -3.13E+00

Individual Parameter Statistics:
Coefficient a = 6.37E+00, std error: 1.71E-01
          t-stat: 1.54E+01, p-stat: 3.17E-07, 95 percent confidence intervals: [5.41E+00, 7.32E+00]
Coefficient b = 3.26E-01, std error: 1.26E-02
          t-stat: 2.89E+00, p-stat: 2.01E-02, 95 percent confidence intervals: [6.62E-02, 5.85E-01]
Coefficient c = 7.82E-02, std error: 5.33E-05
          t-stat: 1.07E+01, p-stat: 5.09E-06, 95 percent confidence intervals: [6.14E-02, 9.50E-02]

Coefficient Covariance Matrix:
[[ 93.9  -25.44   1.64]
 [-25.44   6.93  -0.45]
 [  1.64  -0.45   0.03]]
Degrees of freedom error: 9
Degrees of freedom regression: 1
Root Mean Squared Error (RMSE): 1.43E-01
R-squared: 9.96E-01
R-squared adjusted: 9.96E-01
Model F-statistic: 2.48E+03
Model F-statistic p-value: 2.65E-12
Model log-likelihood: 5.81E+00
Model AIC: -6.93E-01
Model BIC: -6.21E-01

Individual Parameter Statistics:
Coefficient a = 1.98E+00, std error: 4.82E-02
          t-stat: 9.02E+00, p-stat: 8.37E-06, 95 percent confidence intervals: [1.48E+00, 2.48E+00]
Coefficient b = 1.53E+00, std error: 9.38E-04
          t-stat: 4.98E+01, p-stat: 2.65E-12, 95 percent confidence intervals: [1.46E+00, 1.60E+00]

Coefficient Covariance Matrix:
[[ 1.94 -0.26]
 [-0.26  0.04]]
Degrees of freedom error: 8
Degrees of freedom regression: 2
Root Mean Squared Error (RMSE): 7.33E-02
R-squared: 9.99E-01
R-squared adjusted: 9.99E-01
Model F-statistic: 4.20E+03
Model F-statistic p-value: 8.22E-13
Model log-likelihood: 1.31E+01
Model AIC: -1.84E+00
Model BIC: -1.74E+00

Individual Parameter Statistics:
Coefficient a = 3.12E+00, std error: 7.27E-02
          t-stat: 1.16E+01, p-stat: 2.81E-06, 95 percent confidence intervals: [2.50E+00, 3.74E+00]
Coefficient b = 1.34E+00, std error: 1.91E-03
          t-stat: 3.05E+01, p-stat: 1.44E-09, 95 percent confidence intervals: [1.23E+00, 1.44E+00]
Coefficient c = -4.71E-05, std error: 9.95E-11
          t-stat: -4.73E+00, p-stat: 1.49E-03, 95 percent confidence intervals: [-7.01E-05, -2.41E-05]

Coefficient Covariance Matrix:
[[ 9.85 -1.59 -0.  ]
 [-1.59  0.26  0.  ]
 [-0.    0.    0.  ]]
